<?xml version="1.0" encoding="UTF-8"?>
<coverage generated="1668087333662" clover="3.2.0">
  <project timestamp="1668087333662" name="All files">
    <metrics statements="16" coveredstatements="9" conditionals="2" coveredconditionals="0" methods="8" coveredmethods="4" elements="26" coveredelements="13" complexity="0" loc="16" ncloc="16" packages="1" files="2" classes="2"/>
    <file name="carrinho.js" path="D:\Nicolas-Silva\Compartilhamento\Formações\Alura\Nodejs-APIs\Atualizado-2022\NodeJs- Testes Unitários e de integração\Projeto-2\carrinho\carrinho.js">
      <metrics statements="12" coveredstatements="5" conditionals="2" coveredconditionals="0" methods="6" coveredmethods="2"/>
      <line num="3" count="2" type="stmt"/>
      <line num="4" count="2" type="stmt"/>
      <line num="5" count="2" type="stmt"/>
      <line num="6" count="2" type="stmt"/>
      <line num="10" count="2" type="stmt"/>
      <line num="14" count="0" type="stmt"/>
      <line num="18" count="0" type="stmt"/>
      <line num="19" count="0" type="stmt"/>
      <line num="23" count="0" type="cond" truecount="0" falsecount="2"/>
      <line num="24" count="0" type="stmt"/>
      <line num="27" count="0" type="stmt"/>
      <line num="29" count="0" type="stmt"/>
    </file>
    <file name="item.js" path="D:\Nicolas-Silva\Compartilhamento\Formações\Alura\Nodejs-APIs\Atualizado-2022\NodeJs- Testes Unitários e de integração\Projeto-2\carrinho\item.js">
      <metrics statements="4" coveredstatements="4" conditionals="0" coveredconditionals="0" methods="2" coveredmethods="2"/>
      <line num="3" count="4" type="stmt"/>
      <line num="4" count="4" type="stmt"/>
      <line num="5" count="4" type="stmt"/>
      <line num="9" count="1" type="stmt"/>
    </file>
  </project>
</coverage>
